12:06:38.119:
07BF01000000000000400700
12:06:38.131:
090000020000000000404B000000000200000000004042
12:06:38.163:
070000020000000000404900
12:06:38.171:
090000000000000000404900
12:06:38.174:
0000000000000000004040
12:06:38.205:
070000000000000000404700
12:06:38.213:
0902440C0003010000409F00
12:06:38.216:
0002440C00030100004096
12:06:38.249:
0702440C0003010000409D00
12:06:38.256:
09000000008601000040D000
12:06:38.259:
00000000008601000040C7
12:06:38.291:
07000000008601000040CE00
12:06:38.299:
091900001E7319AA0040B600
12:06:38.302:
001900001E7319AA0040AD
12:06:38.333:
071900001E7319AA0040B400
12:06:38.345:
09000000192D02000040910000000000192D0200004088
12:06:38.376:
07000000192D020000408F00
12:06:38.385:
0900001A00D1000000403400
12:06:38.388:
0000001A00D1000000402B
12:06:38.420:
0700001A00D1000000403200
12:06:38.429:
090000000000000000404900
12:06:38.432:
0000000000000000004040
12:06:38.464:
070000000000000000404700
12:06:38.475:
09000000005B00D10040750000000000005B00D100406C
12:06:38.507:
07000000005B00D100407300
12:06:38.518:
090000000001000000404A000000000000010000004041
12:06:38.550:
070000000001000000404800
12:06:38.558:
0900002000EEE30200403C00
12:06:38.561:
0000002000EEE302004033
12:06:38.592:
0700002000EEE30200403A00
12:06:38.604:
0900001900000007004069000000001900000007004060
12:06:38.636:
070000190000000700406700
12:06:38.644:
090000000000000000404900
12:06:38.647:
0000000000000000004040
12:06:38.679:
070000000000000000404700
12:06:38.688:
091100000F1A2F030540BA00
12:06:38.691:
001100000F1A2F030540B1
12:06:38.724:
071100000F1A2F030540B800
12:06:38.735:
091D08010000000000406F00001D080100000000004066
12:06:38.766:
071D08010000000000406D00
12:06:38.778:
09A401460035000222408D0000A4014600350002224084
12:06:38.810:
07A401460035000222408B00
12:06:38.821:
090400BF0100000400401100000400BF01000004004008
12:06:38.853:
070400BF0100000400400F00
12:06:38.862:
09BF01000000000000400900
12:06:38.865:
00BF010000000000004000
12:06:38.898:
07BF01000000000000400700
12:06:38.910:
090000020000000000404B000000000200000000004042
12:06:38.941:
070000020000000000404900
12:06:38.950:
090000000000000000404900
12:06:38.953:
0000000000000000004040
12:06:38.986:
070000000000000000404700
12:06:38.994:
0902440C0003010000409F00
12:06:38.997:
0002440C00030100004096
12:06:39.029:
0702440C0003010000409D00
12:06:39.038:
09000000008601000040D000
12:06:39.040:
00000000008601000040C7
12:06:39.073:
07000000008601000040CE00
12:06:39.083:
091900001E7319AA0040B600001900001E7319AA0040AD
12:06:39.115:
071900001E7319AA0040B400
12:06:39.128:
09000000192D02000040910000000000192D0200004088
12:06:39.160:
07000000192D020000408F00
12:06:39.171:
0900001A00D10000004034000000001A00D1000000402B
12:06:39.203:
0700001A00D1000000403200
12:06:39.215:
0900000000000000004049000000000000000000004040
12:06:39.247:
070000000000000000404700
12:06:39.255:
09000000005A00D100407400
12:06:39.258:
00000000005A00D100406B
12:06:39.290:
07000000005A00D100407200
12:06:39.301:
090000000001000000404A000000000000010000004041
12:06:39.333:
070000000001000000404800
12:06:39.340:
0900002000EEE30200403C00
12:06:39.343:
0000002000EEE302004033
12:06:39.376:
0700002000EEE30200403A00
12:06:39.384:
090000190000000700406900
12:06:39.387:
0000001900000007004060
12:06:39.419:
070000190000000700406700
12:06:39.427:
090000000000000000404900
12:06:39.430:
0000000000000000004040
12:06:39.462:
070000000000000000404700
12:06:39.470:
091100000F1B2F030540BB00
12:06:39.473:
001100000F1B2F030540B2
12:06:39.505:
071100000F1B2F030540B900
12:06:39.514:
091D08010000000000406F00
12:06:39.516:
001D080100000000004066
12:06:39.548:
071D08010000000000406D00
12:06:39.559:
09A401460035000222408D0000A4014600350002224084
12:06:39.590:
07A401460035000222408B00
12:06:39.598:
090400BF0100000400401100
12:06:39.601:
000400BF01000004004008
12:06:39.633:
070400BF0100000400400F00
12:06:39.641:
09BF01000000000000400900
12:06:39.645:
043F4E4E003F797438408300
12:06:39.656:
003F4E4E003F797438407F
12:06:39.688:
043F4E4E003F797438408300
12:06:39.700:
073F4E4E003F797438408600
12:06:39.707:
090000020000000000404B00
12:06:39.711:
043F4E4E003F797438408300
12:06:39.722:
003F4E4E003F797438407F
12:06:39.754:
043F4E4E003F797438408300
12:06:39.766:
073F4E4E003F797438408600
12:06:39.774:
09000000000000000040490004
12:06:39.777:
3F4E4E003F797438408300
12:06:39.788:
003F4E4E003F797438407F
12:06:39.821:
043F4E4E003F797438408300
12:06:39.833:
073F4E4E003F797438408600
12:06:39.841:
0902440C0003010000409F00
12:06:39.844:
0002440C00030100004096
12:06:39.876:
0702440C0003010000409D00
12:06:39.886:
09000000008601000040D00000000000008601000040C7
12:06:39.918:
07000000008601000040CE00
12:06:39.930:
09000000008601000040D00000000000008601000040C7
12:06:39.961:
07000000008601000040CE00
12:06:39.969:
091900001E7319AA0040B600
12:06:39.973:
001900001E7319AA0040AD
12:06:40.005:
071900001E7319AA0040B400
12:06:40.013:
09000000192D020000409100
12:06:40.016:
00000000192D0200004088
12:06:40.048:
07000000192D020000408F00
12:06:40.057:
0900001A00D1000000403400
12:06:40.060:
0000001A00D1000000402B
12:06:40.093:
0700001A00D1000000403200
12:06:40.104:
0900000000000000004049000000000000000000004040
12:06:40.137:
070000000000000000404700
12:06:40.148:
09000000005700D10040710000000000005700D1004068
12:06:40.179:
07000000005700D100406F00
12:06:40.191:
090000000001000000404A000000000000010000004041
12:06:40.223:
070000000001000000404800
12:06:40.232:
0900002000EEE30200403C00
12:06:40.234:
0000002000EEE302004033
12:06:40.267:
0700002000EEE30200403A00
12:06:40.275:
090000190000000700406900
12:06:40.278:
0000001900000007004060
12:06:40.311:
070000190000000700406700
12:06:40.322:
0900000000000000004049000000000000000000004040
12:06:40.355:
070000000000000000404700
12:06:40.363:
091100000F1B2F030540BB00
12:06:40.366:
001100000F1B2F030540B2
12:06:40.398:
071100000F1B2F030540B900
12:06:40.406:
091D08010000000000406F00
12:06:40.409:
001D080100000000004066
12:06:40.441:
071D08010000000000406D00
12:06:40.453:
09A401460035000222408D0000A4014600350002224084
12:06:40.485:
07A401460035000222408B00
12:06:40.496:
090400BF0100000400401100000400BF01000004004008
12:06:40.530:
070400BF0100000400400F00
12:06:40.540:
09BF0100000000000040090000BF010000000000004000
12:06:40.571:
07BF01000000000000400700
12:06:40.579:
090000020000000000404B00
12:06:40.582:
0000000200000000004042
12:06:40.614:
070000020000000000404900
12:06:40.622:
090000000000000000404900
12:06:40.625:
0000000000000000004040
12:06:40.657:
070000000000000000404700
12:06:40.665:
090000000000000000404900
12:06:40.668:
0000000000000000004040
12:06:40.700:
070000000000000000404700
12:06:40.708:
0902440C0003010000409F0000
12:06:40.711:
02440C00030100004096
12:06:40.743:
0702440C0003010000409D00
12:06:40.754:
09000000008601000040D00000000000008601000040C7
12:06:40.786:
07000000008601000040CE00
12:06:40.793:
091900001E7319AA0040B600
12:06:40.796:
001900001E7319AA0040AD
12:06:40.828:
071900001E7319AA0040B400
12:06:40.839:
09000000192D02000040910000000000192D0200004088
12:06:40.871:
07000000192D020000408F00
12:06:40.883:
0900001A00D10000004034000000001A00D1000000402B
12:06:40.914:
0700001A00D1000000403200
12:06:40.925:
0900000000000000004049000000000000000000004040
12:06:40.957:
070000000000000000404700
12:06:40.968:
09000000005500D100406F0000000000005500D1004066
12:06:41.000:
07000000005500D100406D00
12:06:41.011:
090000000001000000404A000000000000010000004041
12:06:41.043:
070000000001000000404800
12:06:41.054:
0900002000EEE30200403C000000002000EEE302004033
12:06:41.086:
0700002000EEE30200403A00
12:06:41.094:
090000190000000700406900
12:06:41.097:
0000001900000007004060
12:06:41.129:
070000190000000700406700
12:06:41.136:
090000000000000000404900
12:06:41.140:
0000000000000000004040
12:06:41.171:
070000000000000000404700
12:06:41.179:
091100000F1C2F030540BC00
12:06:41.182:
001100000F1C2F030540B3
12:06:41.214:
071100000F1C2F030540BA00
12:06:41.222:
091D08010000000000406F00
12:06:41.225:
001D080100000000004066
12:06:41.257:
071D08010000000000406D00
12:06:41.269:
09A401460035000222408D0000A4014600350002224084
12:06:41.300:
07A401460035000222408B00
12:06:41.308:
090400BF0100000400401100
12:06:41.311:
000400BF01000004004008
12:06:41.342:
070400BF0100000400400F00
12:06:41.354:
09BF0100000000000040090000BF010000000000004000
12:06:41.385:
07BF01000000000000400700
12:06:41.393:
090000020000000000404B00
12:06:41.396:
0000000200000000004042
12:06:41.428:
070000020000000000404900
12:06:41.440:
0900000000000000004049000000000000000000004040
12:06:41.472:
070000000000000000404700
12:06:41.484:
0902440C0003010000409F000002440C00030100004096
12:06:41.516:
0702440C0003010000409D00
12:06:41.523:
09000000008601000040D000
12:06:41.527:
00000000008601000040C7
12:06:41.558:
07000000008601000040CE00
12:06:41.567:
091900001E7319AA0040B600
12:06:41.570:
001900001E7319AA0040AD
12:06:41.602:
071900001E7319AA0040B400
12:06:41.611:
09000000192D020000409100
12:06:41.614:
00000000192D0200004088
12:06:41.647:
07000000192D020000408F00
12:06:41.655:
0900001A00D1000000403400
12:06:41.658:
0000001A00D1000000402B
12:06:41.690:
0700001A00D1000000403200
12:06:41.702:
0900000000000000004049000000000000000000004040
12:06:41.733:
070000000000000000404700
12:06:41.741:
09000000005000D100406A00
12:06:41.745:
00000000005000D1004061
12:06:41.777:
07000000005000D100406800
12:06:41.789:
090000000001000000404A000000000000010000004041
12:06:41.821:
070000000001000000404800
12:06:41.832:
0900002000EEE30200403C000000002000EEE302004033
12:06:41.865:
0700002000EEE30200403A00
12:06:41.873:
090000190000000700406900
12:06:41.876:
0000001900000007004060
12:06:41.907:
070000190000000700406700
12:06:41.916:
090000000000000000404900
12:06:41.919:
0000000000000000004040
12:06:41.951:
070000000000000000404700
12:06:41.960:
091100000F1D2F030540BD00
12:06:41.963:
001100000F1D2F030540B4
12:06:41.995:
071100000F1D2F030540BB00
12:06:42.003:
091D08010000000000406F00
12:06:42.007:
001D080100000000004066
12:06:42.039:
043F4E4E003F797438408300
12:06:42.051:
073F4E4E003F797438408600
12:06:42.059:
09A401460035000222408D00
12:06:42.063:
043F4E4E003F797438408300
12:06:42.074:
003F4E4E003F797438407F
12:06:42.107:
043F4E4E003F797438408300
12:06:42.119:
073F4E4E003F797438408600
12:06:42.130:
090400BF0100000400401100043F4E4E003F797438408300
12:06:42.141:
003F4E4E003F797438407F
12:06:42.174:
043F4E4E003F797438408300
12:06:42.185:
073F4E4E003F797438408600
12:06:42.193:
09BF01000000000000400900
12:06:42.196:
043F4E4E003F797438408300
12:06:42.208:
003F4E4E003F797438407F
12:06:42.240:
073F4E4E003F797438408600
12:06:42.251:
090000020000000000404B000000000200000000004042
12:06:42.283:
070000020000000000404900
12:06:42.291:
090000020000000000404B00
12:06:42.293:
0000000200000000004042
12:06:42.325:
070000020000000000404900
12:06:42.334:
09000000000000000040490000
12:06:42.337:
00000000000000004040
12:06:42.369:
070000000000000000404700
12:06:42.378:
0902440C0003010000409F00
12:06:42.381:
0002440C00030100004096
12:06:42.413:
0702440C0003010000409D00
12:06:42.424:
09000000008601000040D00000000000008601000040C7
12:06:42.457:
07000000008601000040CE00
12:06:42.467:
091900001E7319AA0040B600001900001E7319AA0040AD
12:06:42.499:
071900001E7319AA0040B400
12:06:42.510:
09000000192D02000040910000000000192D0200004088
12:06:42.542:
07000000192D020000408F00
12:06:42.552:
0900001B00D10000004035000000001B00D1000000402C
12:06:42.584:
0700001B00D1000000403300
12:06:42.593:
090000000000000000404900
12:06:42.597:
0000000000000000004040
12:06:42.628:
070000000000000000404700
12:06:42.636:
09000000004D00D100406700
12:06:42.639:
00000000004D00D100405E
12:06:42.671:
07000000004D00D100406500
12:06:42.679:
090000000001000000404A00
12:06:42.682:
0000000000010000004041
12:06:42.714:
070000000001000000404800
12:06:42.722:
0900002000EEE30200403C00
12:06:42.725:
0000002000EEE302004033
12:06:42.757:
0700002000EEE30200403A00
12:06:42.768:
0900001900000007004069000000001900000007004060
12:06:42.800:
070000190000000700406700
12:06:42.811:
0900000000000000004049000000000000000000004040
12:06:42.843:
070000000000000000404700
12:06:42.854:
091100000F1E2F030540BE00001100000F1E2F030540B5
12:06:42.885:
071100000F1E2F030540BC00
12:06:42.896:
091D08010000000000406F00001D080100000000004066
12:06:42.928:
071D08010000000000406D00
12:06:42.936:
09A401460035000222408D00
12:06:42.939:
00A4014600350002224084
12:06:42.971:
07A401460035000222408B00
12:06:42.982:
090400BF0100000400401100000400BF01000004004008
12:06:43.014:
070400BF0100000400400F00
12:06:43.022:
09BF01000000000000400900
12:06:43.025:
00BF010000000000004000
12:06:43.056:
07BF01000000000000400700
12:06:43.064:
090000020000000000404B00
12:06:43.067:
0000000200000000004042
12:06:43.099:
070000020000000000404900
12:06:43.110:
0900000000000000004049000000000000000000004040
12:06:43.142:
070000000000000000404700
12:06:43.150:
0902440C0003010000409F00
12:06:43.153:
0002440C00030100004096
12:06:43.185:
0702440C0003010000409D00
12:06:43.193:
09000000008601000040D000
12:06:43.196:
00000000008601000040C7
12:06:43.229:
07000000008601000040CE00
12:06:43.237:
091900001E7319AA0040B600
12:06:43.240:
001900001E7319AA0040AD
12:06:43.272:
071900001E7319AA0040B400
12:06:43.279:
09000000192D020000409100
12:06:43.283:
00000000192D0200004088
12:06:43.314:
07000000192D020000408F00
12:06:43.322:
0900001A00D1000000403400
12:06:43.325:
0000001A00D1000000402B
12:06:43.357:
0700001A00D1000000403200
12:06:43.365:
090000000000000000404900
12:06:43.368:
0000000000000000004040
12:06:43.400:
070000000000000000404700
12:06:43.408:
09000000004C00D100406600
12:06:43.411:
00000000004C00D100405D
12:06:43.443:
07000000004C00D100406400
12:06:43.451:
090000000001000000404A00
12:06:43.455:
0000000000010000004041
12:06:43.487:
070000000001000000404800
12:06:43.495:
0900002000EEE30200403C00
12:06:43.498:
0000002000EEE302004033
12:06:43.530:
0700002000EEE30200403A00
12:06:43.538:
090000190000000700406900
12:06:43.541:
0000001900000007004060
12:06:43.573:
070000190000000700406700
12:06:43.580:
090000000000000000404900
12:06:43.583:
0000000000000000004040
12:06:43.615:
070000000000000000404700
12:06:43.624:
091100000F1E2F030540BE00
12:06:43.627:
001100000F1E2F030540B5
12:06:43.658:
071100000F1E2F030540BC00
12:06:43.666:
091D08010000000000406F00
12:06:43.670:
001D080100000000004066
12:06:43.701:
071D08010000000000406D00
12:06:43.712:
09A401460035000222408D0000A4014600350002224084
12:06:43.744:
07A401460035000222408B00
12:06:43.752:
090400BF0100000400401100
12:06:43.755:
000400BF01000004004008
12:06:43.787:
070400BF0100000400400F00
12:06:43.795:
09BF01000000000000400900
12:06:43.798:
00BF010000000000004000
12:06:43.831:
07BF01000000000000400700
12:06:43.842:
090000020000000000404B000000000200000000004042
12:06:43.874:
070000020000000000404900
12:06:43.886:
0900000000000000004049000000000000000000004040
12:06:43.917:
070000000000000000404700
12:06:43.929:
0902440C0003010000409F000002440C00030100004096
12:06:43.961:
0702440C0003010000409D00
12:06:43.970:
09000000008601000040D000
12:06:43.973:
00000000008601000040C7
12:06:44.006:
07000000008601000040CE00
12:06:44.014:
09000000008601000040D00000
12:06:44.017:
000000008601000040C7
12:06:44.049:
07000000008601000040CE00
12:06:44.057:
091900001E7319AA0040B600
12:06:44.060:
001900001E7319AA0040AD
12:06:44.093:
071900001E7319AA0040B400
12:06:44.101:
09000000192D020000409100
12:06:44.104:
00000000192D0200004088
12:06:44.137:
07000000192D020000408F00
12:06:44.144:
0900001A00D1000000403400
12:06:44.147:
0000001A00D1000000402B
12:06:44.179:
0700001A00D1000000403200
12:06:44.188:
090000000000000000404900
12:06:44.191:
0000000000000000004040
12:06:44.223:
070000000000000000404700
12:06:44.232:
09000000004E00D100406800
12:06:44.235:
00000000004E00D100405F
12:06:44.267:
07000000004E00D100406600
12:06:44.277:
090000000001000000404A000000000000010000004041
12:06:44.310:
070000000001000000404800
12:06:44.318:
0900002300EEE30200403F00
12:06:44.321:
0000002300EEE302004036
12:06:44.353:
0700002300EEE30200403D00
12:06:44.363:
0900001900000007004069000000001900000007004060
12:06:44.395:
070000190000000700406700
12:06:44.406:
090000000000000000404900043F4E4E003F797438408300
12:06:44.418:
003F4E4E003F797438407F
12:06:44.450:
043F4E4E003F797438408300
12:06:44.462:
073F4E4E003F797438408600
12:06:44.470:
091100000F1F2F030540BF
12:06:44.470:
00
12:06:44.474:
043F4E4E003F797438408300
12:06:44.485:
003F4E4E003F797438407F
12:06:44.518:
043F4E4E003F797438408300
12:06:44.530:
073F4E4E003F797438408600
12:06:44.541:
091D08010000000000406F00043F4E4E003F797438408300
12:06:44.553:
003F4E4E003F797438407F
12:06:44.584:
043F4E4E003F797438408300
12:06:44.596:
073F4E4E003F797438408600
12:06:44.607:
09A401460035000222408D0000A4014600350002224084
12:06:44.640:
07A401460035000222408B00
12:06:44.647:
090400BF0100000400401100
12:06:44.650:
000400BF01000004004008
12:06:44.682:
070400BF0100000400400F00
12:06:44.693:
09BF0100000000000040090000BF010000000000004000
12:06:44.725:
07BF01000000000000400700
12:06:44.736:
090000020000000000404B000000000200000000004042
12:06:44.768:
070000020000000000404900
12:06:44.776:
090000000000000000404900
12:06:44.779:
0000000000000000004040
12:06:44.811:
070000000000000000404700
12:06:44.818:
0902440C0003010000409F
12:06:44.822:
000002440C00030100004096
12:06:44.854:
0702440C0003010000409D00
12:06:44.865:
09000000008601000040D00000000000008601000040C7
12:06:44.897:
07000000008601000040CE00
12:06:44.904:
091900001E7319AA0040B600
12:06:44.907:
001900001E7319AA0040AD
12:06:44.939:
071900001E7319AA0040B400
12:06:44.950:
09000000192D02000040910000000000192D0200004088
12:06:44.982:
07000000192D020000408F00
12:06:44.990:
0900001A00D1000000403400
12:06:44.993:
0000001A00D1000000402B
12:06:45.025:
0700001A00D1000000403200
12:06:45.036:
0900000000000000004049000000000000000000004040
12:06:45.067:
070000000000000000404700
12:06:45.075:
09000000004D00D100406700
12:06:45.078:
00000000004D00D100405E
12:06:45.109:
07000000004D00D100406500
12:06:45.121:
090000000001000000404A000000000000010000004041
12:06:45.153:
070000000001000000404800
12:06:45.161:
0900002000EEE30200403C00
12:06:45.164:
0000002000EEE302004033
12:06:45.196:
0700002000EEE30200403A00
12:06:45.208:
0900001900000007004069000000001900000007004060
12:06:45.240:
070000190000000700406700
12:06:45.248:
090000000000000000404900
12:06:45.251:
0000000000000000004040
12:06:45.284:
070000000000000000404700
12:06:45.295:
091100000F202F030540C000001100000F202F030540B7
12:06:45.326:
071100000F202F030540BE00
12:06:45.338:
091D08010000000000406F00001D080100000000004066
12:06:45.371:
071D08010000000000406D00
12:06:45.382:
09A401460035000222408D0000A4014600350002224084
12:06:45.415:
07A401460035000222408B00
12:06:45.423:
090400BF0100000400401100
12:06:45.426:
000400BF01000004004008
12:06:45.458:
070400BF0100000400400F00
12:06:45.466:
09BF01000000000000400900
12:06:45.470:
00BF010000000000004000
12:06:45.502:
07BF01000000000000400700
12:06:45.513:
090000020000000000404B000000000200000000004042
12:06:45.546:
070000020000000000404900
12:06:45.557:
0900000000000000004049000000000000000000004040
12:06:45.590:
070000000000000000404700
12:06:45.601:
0902440C0003010000409F000002440C00030100004096
12:06:45.632:
0702440C0003010000409D00
12:06:45.644:
09000000008601000040D00000000000008601000040C7
12:06:45.676:
07000000008601000040CE00
12:06:45.684:
091900001E7319AA0040B600
12:06:45.687:
001900001E7319AA0040AD
12:06:45.718:
071900001E7319AA0040B400
12:06:45.727:
09000000192D020000409100
12:06:45.729:
00000000192D0200004088
12:06:45.761:
07000000192D020000408F00
12:06:45.772:
0900001A00D10000004034000000001A00D1000000402B
12:06:45.805:
0700001A00D1000000403200
12:06:45.813:
0900001A00D1000000403400
12:06:45.817:
0000001A00D1000000402B
12:06:45.849:
0700001A00D1000000403200
12:06:45.857:
090000000000000000404900
12:06:45.860:
0000000000000000004040
12:06:45.891:
070000000000000000404700
12:06:45.904:
09000000004D00D10040670000000000004D00D100405E
12:06:45.935:
07000000004D00D100406500
12:06:45.944:
090000000001000000404A00
12:06:45.947:
0000000000010000004041
12:06:45.980:
070000000001000000404800
12:06:45.991:
0900002000EEE30200403C000000002000EEE302004033
12:06:46.023:
0700002000EEE30200403A00
12:06:46.033:
0900001900000007004069000000001900000007004060
12:06:46.066:
070000190000000700406700
12:06:46.074:
090000000000000000404900
12:06:46.077:
0000000000000000004040
12:06:46.110:
070000000000000000404700
12:06:46.117:
091100000F212F030540C100
12:06:46.120:
001100000F212F030540B8
12:06:46.152:
071100000F212F030540BF00
12:06:46.160:
091D08010000000000406F00
12:06:46.164:
001D080100000000004066
12:06:46.195:
071D08010000000000406D00
12:06:46.206:
09A401460035000222408D0000A4014600350002224084
12:06:46.238:
07A401460035000222408B00
12:06:46.246:
090400BF0100000400401100
12:06:46.249:
000400BF01000004004008
12:06:46.281:
070400BF0100000400400F00
12:06:46.292:
09BF0100000000000040090000BF010000000000004000
12:06:46.324:
07BF01000000000000400700
12:06:46.335:
090000020000000000404B000000000200000000004042
12:06:46.366:
070000020000000000404900
12:06:46.377:
0900000000000000004049000000000000000000004040
12:06:46.410:
070000000000000000404700
12:06:46.417:
0902440C0003010000409F00
12:06:46.420:
0002440C00030100004096
12:06:46.453:
0702440C0003010000409D00
12:06:46.463:
09000000008601000040D00000000000008601000040C7
12:06:46.496:
07000000008601000040CE00
12:06:46.503:
091900001E7319AA0040B600
12:06:46.506:
001900001E7319AA0040AD
12:06:46.538:
071900001E7319AA0040B400
12:06:46.549:
09000000192D02000040910000000000192D0200004088
12:06:46.581:
07000000192D020000408F00
12:06:46.588:
0900001A00D1000000403400
12:06:46.593:
0000001A00D1000000402B
12:06:46.623:
0700001A00D1000000403200
12:06:46.632:
090000000000000000404900
12:06:46.635:
0000000000000000004040
12:06:46.666:
070000000000000000404700
12:06:46.679:
09000000004C00D10040660000000000004C00D100405D
12:06:46.711:
07000000004C00D100406400
12:06:46.721:
090000000001000000404A000000000000010000004041
12:06:46.753:
070000000001000000404800
12:06:46.761:
0900002000EEE30200403C00
12:06:46.765:
0000002000EEE302004033
12:06:46.797:
043F4E4E003F797438408300
12:06:46.808:
073F4E4E003F797438408600
12:06:46.820:
090000190000000700406900043F4E4E003F797438408300
12:06:46.831:
003F4E4E003F797438407F
12:06:46.864:
043F4E4E003F797438408300
12:06:46.875:
073F4E4E003F797438408600
12:06:46.883:
090000000000000000404900
12:06:46.887:
043F4E4E003F797438408300
12:06:46.898:
003F4E4E003F797438407F
12:06:46.930:
043F4E4E003F797438408300
12:06:46.942:
073F4E4E003F797438408600
12:06:46.954:
091100000F222F030540C200043F4E4E003F797438408300
12:06:46.965:
003F4E4E003F797438407F
12:06:46.997:
073F4E4E003F797438408600
12:06:47.008:
091D08010000000000406F00001D080100000000004066
12:06:47.040:
071D08010000000000406D00
12:06:47.048:
09A401460035000222408D00
12:06:47.051:
00A4014600350002224084
12:06:47.082:
07A401460035000222408B00
12:06:47.090:
090400BF0100000400401100
12:06:47.093:
000400BF01000004004008
12:06:47.124:
070400BF0100000400400F00
12:06:47.133:
09BF01000000000000400900
12:06:47.136:
00BF010000000000004000
12:06:47.169:
07BF01000000000000400700
12:06:47.177:
090000020000000000404B00
12:06:47.180:
0000000200000000004042
12:06:47.213:
070000020000000000404900
12:06:47.224:
0900000000000000004049000000000000000000004040
12:06:47.256:
070000000000000000404700
12:06:47.264:
0902440C0003010000409F00
12:06:47.267:
0002440C00030100004096
12:06:47.300:
0702440C0003010000409D00
12:06:47.311:
09000000008601000040D00000000000008601000040C7
12:06:47.343:
07000000008601000040CE00
12:06:47.351:
091900001E7319AA0040B600
12:06:47.354:
001900001E7319AA0040AD
12:06:47.387:
071900001E7319AA0040B400
12:06:47.398:
09000000192D02000040910000000000192D0200004088
12:06:47.430:
07000000192D020000408F00
12:06:47.442:
0900001A00D10000004034000000001A00D1000000402B
12:06:47.475:
0700001A00D1000000403200
12:06:47.483:
090000000000000000404900
12:06:47.486:
0000000000000000004040
12:06:47.518:
070000000000000000404700
12:06:47.526:
09000000004D00D100406700
12:06:47.529:
00000000004D00D100405E
12:06:47.562:
07000000004D00D100406500
12:06:47.572:
090000000001000000404A000000000000010000004041
12:06:47.604:
070000000001000000404800
12:06:47.616:
0900002000EEE30200403C000000002000EEE302004033
12:06:47.649:
0700002000EEE30200403A00
12:06:47.657:
090000190000000700406900
12:06:47.660:
0000001900000007004060
12:06:47.692:
070000190000000700406700
12:06:47.700:
090000000000000000404900
12:06:47.703:
0000000000000000004040
12:06:47.735:
070000000000000000404700
12:06:47.747:
091100000F222F030540C200001100000F222F030540B9
12:06:47.779:
071100000F222F030540C000
12:06:47.791:
091D08010000000000406F00001D080100000000004066
12:06:47.822:
071D08010000000000406D00
12:06:47.833:
09A401460035000222408D0000A4014600350002224084
12:06:47.866:
07A401460035000222408B00
12:06:47.876:
090400BF0100000400401100000400BF01000004004008
12:06:47.908:
070400BF0100000400400F00
12:06:47.916:
09BF01000000000000400900
12:06:47.919:
00BF010000000000004000
12:06:47.951:
07BF01000000000000400700
12:06:47.959:
090000020000000000404B00
12:06:47.962:
0000000200000000004042
12:06:47.994:
070000020000000000404900
12:06:48.002:
090000000000000000404900
12:06:48.005:
0000000000000000004040
12:06:48.037:
070000000000000000404700
12:06:48.044:
0902440C0003010000409F00
12:06:48.048:
0002440C00030100004096
12:06:48.080:
0702440C0003010000409D00
12:06:48.090:
09000000008601000040D00000000000008601000040C7
12:06:48.123:
07000000008601000040CE00
12:06:48.130:
091900001E7319AA0040B600
12:06:48.134:
001900001E7319AA0040AD
12:06:48.165:
071900001E7319AA0040B400
12:06:48.173:
09000000192D020000409100
12:06:48.177:
00000000192D0200004088
12:06:48.208:
07000000192D020000408F00
12:06:48.216:
0900001A00D1000000403400
12:06:48.219:
0000001A00D1000000402B
12:06:48.251:
0700001A00D1000000403200
12:06:48.259:
090000000000000000404900
12:06:48.262:
0000000000000000004040
12:06:48.294:
070000000000000000404700
12:06:48.302:
09000000004E00D100406800
12:06:48.305:
00000000004E00D100405F
12:06:48.336:
07000000004E00D100406600
12:06:48.345:
090000000001000000404A00
12:06:48.348:
0000000000010000004041
12:06:48.380:
070000000001000000404800
12:06:48.388:
0900002000EEE30200403C00
12:06:48.391:
0000002000EEE302004033
12:06:48.424:
0700002000EEE30200403A00
12:06:48.432:
090000190000000700406900
12:06:48.435:
0000001900000007004060
12:06:48.468:
070000190000000700406700
12:06:48.478:
0900000000000000004049000000000000000000004040
12:06:48.510:
070000000000000000404700